{"/home/evgeniy/repo/js-tests/index.js": {"path":"/home/evgeniy/repo/js-tests/index.js","all":false,"statementMap":{"0":{"start":{"line":1,"column":0},"end":{"line":1,"column":22}},"1":{"start":{"line":2,"column":0},"end":{"line":2,"column":0}},"2":{"start":{"line":3,"column":0},"end":{"line":3,"column":61}},"3":{"start":{"line":4,"column":0},"end":{"line":4,"column":52}},"4":{"start":{"line":5,"column":0},"end":{"line":5,"column":0}},"5":{"start":{"line":6,"column":0},"end":{"line":6,"column":30}},"6":{"start":{"line":7,"column":0},"end":{"line":7,"column":74}},"7":{"start":{"line":8,"column":0},"end":{"line":8,"column":16}},"8":{"start":{"line":9,"column":0},"end":{"line":9,"column":2}},"9":{"start":{"line":10,"column":0},"end":{"line":10,"column":2}},"10":{"start":{"line":11,"column":0},"end":{"line":11,"column":38}},"11":{"start":{"line":12,"column":0},"end":{"line":12,"column":2}},"12":{"start":{"line":13,"column":0},"end":{"line":13,"column":41}},"13":{"start":{"line":14,"column":0},"end":{"line":14,"column":32}},"14":{"start":{"line":15,"column":0},"end":{"line":15,"column":16}},"15":{"start":{"line":16,"column":0},"end":{"line":16,"column":3}},"16":{"start":{"line":17,"column":0},"end":{"line":17,"column":2}},"17":{"start":{"line":18,"column":0},"end":{"line":18,"column":20}},"18":{"start":{"line":19,"column":0},"end":{"line":19,"column":29}},"19":{"start":{"line":20,"column":0},"end":{"line":20,"column":18}},"20":{"start":{"line":21,"column":0},"end":{"line":21,"column":7}},"21":{"start":{"line":22,"column":0},"end":{"line":22,"column":2}},"22":{"start":{"line":23,"column":0},"end":{"line":23,"column":16}},"23":{"start":{"line":24,"column":0},"end":{"line":24,"column":5}},"24":{"start":{"line":25,"column":0},"end":{"line":25,"column":2}},"25":{"start":{"line":26,"column":0},"end":{"line":26,"column":42}},"26":{"start":{"line":27,"column":0},"end":{"line":27,"column":16}},"27":{"start":{"line":28,"column":0},"end":{"line":28,"column":5}},"28":{"start":{"line":29,"column":0},"end":{"line":29,"column":2}},"29":{"start":{"line":30,"column":0},"end":{"line":30,"column":14}},"30":{"start":{"line":31,"column":0},"end":{"line":31,"column":4}},"31":{"start":{"line":32,"column":0},"end":{"line":32,"column":2}},"32":{"start":{"line":33,"column":0},"end":{"line":33,"column":50}}},"s":{"0":1,"1":1,"2":1,"3":1,"4":1,"5":1,"6":2,"7":2,"8":2,"9":1,"10":1,"11":1,"12":1,"13":5,"14":1,"15":1,"16":4,"17":5,"18":2,"19":1,"20":1,"21":1,"22":1,"23":1,"24":2,"25":5,"26":1,"27":1,"28":1,"29":1,"30":1,"31":1,"32":1},"branchMap":{"0":{"type":"branch","line":3,"loc":{"start":{"line":3,"column":20},"end":{"line":3,"column":60}},"locations":[{"start":{"line":3,"column":20},"end":{"line":3,"column":60}}]},"1":{"type":"branch","line":4,"loc":{"start":{"line":4,"column":19},"end":{"line":4,"column":51}},"locations":[{"start":{"line":4,"column":19},"end":{"line":4,"column":51}}]},"2":{"type":"branch","line":6,"loc":{"start":{"line":6,"column":20},"end":{"line":9,"column":2}},"locations":[{"start":{"line":6,"column":20},"end":{"line":9,"column":2}}]},"3":{"type":"branch","line":7,"loc":{"start":{"line":7,"column":52},"end":{"line":7,"column":73}},"locations":[{"start":{"line":7,"column":52},"end":{"line":7,"column":73}}]},"4":{"type":"branch","line":13,"loc":{"start":{"line":13,"column":23},"end":{"line":31,"column":4}},"locations":[{"start":{"line":13,"column":23},"end":{"line":31,"column":4}}]},"5":{"type":"branch","line":14,"loc":{"start":{"line":14,"column":31},"end":{"line":16,"column":3}},"locations":[{"start":{"line":14,"column":31},"end":{"line":16,"column":3}}]},"6":{"type":"branch","line":16,"loc":{"start":{"line":16,"column":2},"end":{"line":18,"column":19}},"locations":[{"start":{"line":16,"column":2},"end":{"line":18,"column":19}}]},"7":{"type":"branch","line":18,"loc":{"start":{"line":18,"column":19},"end":{"line":26,"column":41}},"locations":[{"start":{"line":18,"column":19},"end":{"line":26,"column":41}}]},"8":{"type":"branch","line":19,"loc":{"start":{"line":19,"column":28},"end":{"line":24,"column":5}},"locations":[{"start":{"line":19,"column":28},"end":{"line":24,"column":5}}]},"9":{"type":"branch","line":26,"loc":{"start":{"line":26,"column":41},"end":{"line":31,"column":4}},"locations":[{"start":{"line":26,"column":41},"end":{"line":31,"column":4}}]}},"b":{"0":[2],"1":[3],"2":[2],"3":[1],"4":[5],"5":[1],"6":[4],"7":[2],"8":[1],"9":[1]},"fnMap":{"0":{"name":"reverseStr","decl":{"start":{"line":3,"column":20},"end":{"line":3,"column":60}},"loc":{"start":{"line":3,"column":20},"end":{"line":3,"column":60}},"line":3},"1":{"name":"getGreater","decl":{"start":{"line":4,"column":19},"end":{"line":4,"column":51}},"loc":{"start":{"line":4,"column":19},"end":{"line":4,"column":51}},"line":4},"2":{"name":"isLeapYear","decl":{"start":{"line":6,"column":20},"end":{"line":9,"column":2}},"loc":{"start":{"line":6,"column":20},"end":{"line":9,"column":2}},"line":6},"3":{"name":"getDaysInMonth","decl":{"start":{"line":13,"column":23},"end":{"line":31,"column":4}},"loc":{"start":{"line":13,"column":23},"end":{"line":31,"column":4}},"line":13}},"f":{"0":2,"1":3,"2":2,"3":5}}
}
