TN:
SF:index.js
FN:3,reverseStr
FN:4,getGreater
FN:6,isLeapYear
FN:13,getDaysInMonth
FNF:4
FNH:4
FNDA:2,reverseStr
FNDA:3,getGreater
FNDA:2,isLeapYear
FNDA:5,getDaysInMonth
DA:1,1
DA:2,1
DA:3,1
DA:4,1
DA:5,1
DA:6,1
DA:7,2
DA:8,2
DA:9,2
DA:10,1
DA:11,1
DA:12,1
DA:13,1
DA:14,5
DA:15,1
DA:16,1
DA:17,4
DA:18,5
DA:19,2
DA:20,1
DA:21,1
DA:22,1
DA:23,1
DA:24,1
DA:25,2
DA:26,5
DA:27,1
DA:28,1
DA:29,1
DA:30,1
DA:31,1
DA:32,1
DA:33,1
LF:33
LH:33
BRDA:3,0,0,2
BRDA:4,1,0,3
BRDA:6,2,0,2
BRDA:7,3,0,1
BRDA:13,4,0,5
BRDA:14,5,0,1
BRDA:16,6,0,4
BRDA:18,7,0,2
BRDA:19,8,0,1
BRDA:26,9,0,1
BRF:10
BRH:10
end_of_record
